SF:lib\pages\towers\TowerDetails.dart
DA:10,1
DA:13,1
DA:14,1
DA:15,2
DA:16,2
DA:20,1
DA:22,2
DA:24,1
DA:27,1
DA:28,1
DA:29,1
DA:33,0
DA:35,1
DA:36,1
DA:38,1
DA:49,1
DA:50,1
DA:52,2
DA:53,2
DA:54,2
DA:57,2
DA:58,2
DA:59,3
DA:62,2
DA:66,1
DA:67,2
DA:70,2
DA:74,1
DA:75,2
DA:81,1
DA:82,1
DA:84,1
DA:86,1
DA:91,1
DA:93,2
DA:95,1
DA:96,2
DA:97,1
DA:100,1
DA:101,2
DA:102,1
DA:105,1
DA:106,1
DA:107,1
DA:110,1
DA:111,1
DA:112,2
DA:113,3
DA:114,3
DA:116,2
DA:117,2
DA:119,1
DA:120,2
DA:121,2
DA:123,2
DA:124,2
DA:131,1
DA:132,1
DA:133,1
DA:134,1
DA:135,1
DA:136,1
DA:138,1
DA:148,1
DA:149,1
DA:150,1
DA:151,1
DA:152,2
DA:153,1
DA:156,1
DA:161,1
DA:162,1
DA:163,1
DA:164,1
DA:165,1
DA:169,1
DA:170,1
end_of_record
SF:lib\models\TowerDetail.dart
DA:17,1
end_of_record
SF:lib\helpers\UrlHelper.dart
DA:4,0
DA:5,0
DA:6,0
DA:8,0
DA:12,2
DA:13,4
end_of_record
SF:lib\pageLayout\DetailPageScaffold.dart
DA:7,1
DA:11,1
DA:12,1
DA:13,1
DA:14,2
DA:16,1
end_of_record
